<?xml version="1.0" encoding="UTF-8"?>
<!-- Generated by org.testng.reporters.JUnitXMLReporter -->
<testsuite hostname="M3106868" ignored="1" name="Test" tests="10" failures="4" timestamp="09 Oct 2019 14:29:46 GMT" time="1.091" errors="0">
  <testcase name="testLogin" time="0.05" classname="com.jci.ImapFramework.testscripts.Test1"/>
  <testcase name="testLogin1" time="0.003" classname="com.jci.ImapFramework.testscripts.Test1">
    <failure type="java.lang.AssertionError" message="expected [true] but found [false]">
      <![CDATA[java.lang.AssertionError: expected [true] but found [false]
at com.jci.ImapFramework.helper.assertions.AssertionHelper.makeFalse(AssertionHelper.java:34)
at com.jci.ImapFramework.testscripts.Test1.testLogin1(Test1.java:19)
... Removed 29 stack frames]]>
    </failure>
  </testcase> <!-- testLogin1 -->
  <testcase name="testLogin2" time="0.002" classname="com.jci.ImapFramework.testscripts.Test1"/>
  <testcase name="testLogin3" time="0.001" classname="com.jci.ImapFramework.testscripts.Test1">
    <failure type="java.lang.AssertionError" message="expected [true] but found [false]">
      <![CDATA[java.lang.AssertionError: expected [true] but found [false]
at com.jci.ImapFramework.helper.assertions.AssertionHelper.makeFalse(AssertionHelper.java:34)
at com.jci.ImapFramework.testscripts.Test1.testLogin3(Test1.java:31)
... Removed 29 stack frames]]>
    </failure>
  </testcase> <!-- testLogin3 -->
  <testcase name="testLogin4" time="0.003" classname="com.jci.ImapFramework.testscripts.Test1"/>
  <testcase name="testLogin" time="0.003" classname="com.jci.ImapFramework.testscripts.Test2"/>
  <testcase name="testLogin1" time="0.003" classname="com.jci.ImapFramework.testscripts.Test2">
    <failure type="java.lang.AssertionError" message="expected [true] but found [false]">
      <![CDATA[java.lang.AssertionError: expected [true] but found [false]
at com.jci.ImapFramework.helper.assertions.AssertionHelper.makeFalse(AssertionHelper.java:34)
at com.jci.ImapFramework.testscripts.Test2.testLogin1(Test2.java:19)
... Removed 29 stack frames]]>
    </failure>
  </testcase> <!-- testLogin1 -->
  <testcase name="testLogin2" time="0.003" classname="com.jci.ImapFramework.testscripts.Test2"/>
  <testcase name="testLogin3" time="0.003" classname="com.jci.ImapFramework.testscripts.Test2">
    <failure type="java.lang.AssertionError" message="expected [true] but found [false]">
      <![CDATA[java.lang.AssertionError: expected [true] but found [false]
at com.jci.ImapFramework.helper.assertions.AssertionHelper.makeFalse(AssertionHelper.java:34)
at com.jci.ImapFramework.testscripts.Test2.testLogin3(Test2.java:31)
... Removed 29 stack frames]]>
    </failure>
  </testcase> <!-- testLogin3 -->
  <testcase name="testLogin4" time="0.002" classname="com.jci.ImapFramework.testscripts.Test2"/>
  <testcase name="@BeforeSuite beforeSuite" time="0.0" classname="com.jci.ImapFramework.TestBase.TestBase">
    <ignored/>
  </testcase> <!-- @BeforeSuite beforeSuite -->
</testsuite> <!-- Test -->
