<?xml version="1.0" encoding="UTF-8"?>
<!-- Generated by org.testng.reporters.JUnitXMLReporter -->
<testsuite hostname="M3106868" ignored="0" name="CompressorPageTest" tests="3" failures="0" timestamp="2020-02-13T16:16:32 IST" time="19.888" errors="0">
  <testcase name="testLoginPage" time="12.202" classname="com.jci.Imap.Framework.TestCases.CompressorPageTest"/>
  <testcase name="Verify_clickMyprojectIcon" time="0.079" classname="com.jci.Imap.Framework.TestCases.CompressorPageTest"/>
  <testcase name="Verify_searchProjectname" time="1.457" classname="com.jci.Imap.Framework.TestCases.CompressorPageTest"/>
</testsuite> <!-- CompressorPageTest -->
