<?xml version="1.0" encoding="UTF-8"?>
<!-- Generated by org.testng.reporters.JUnitXMLReporter -->
<testsuite hostname="M3106868" ignored="0" name="CompressorPageTest" tests="3" failures="0" timestamp="13 Feb 2020 09:39:28 GMT" time="39.438" errors="0">
  <testcase name="testLoginPage" time="30.37" classname="com.jci.Imap.Framework.TestCases.CompressorPageTest"/>
  <testcase name="Verify_clickMyprojectIcon" time="0.078" classname="com.jci.Imap.Framework.TestCases.CompressorPageTest"/>
  <testcase name="Verify_searchProjectname" time="2.72" classname="com.jci.Imap.Framework.TestCases.CompressorPageTest"/>
</testsuite> <!-- CompressorPageTest -->
