<?xml version="1.0" encoding="UTF-8"?>
<!-- Generated by org.testng.reporters.JUnitXMLReporter -->
<testsuite hostname="M3106868" ignored="3" name="Test" tests="4" failures="3" timestamp="13 Feb 2020 08:45:14 GMT" time="19.733" errors="0">
  <testcase name="testLoginPage" time="11.894" classname="com.jci.Imap.Framework.TestCases.LoginPageTest"/>
  <testcase name="testLoginPage" time="0.007" classname="com.jci.Imap.Framework.TestCases.CompressorPageTest">
    <failure type="java.lang.NullPointerException">
      <![CDATA[java.lang.NullPointerException
at com.jci.ImapFramework.TestBase.TestBase.getApplicationUrl(TestBase.java:190)
at com.jci.Imap.Framework.TestCases.CompressorPageTest.testLoginPage(CompressorPageTest.java:22)
... Removed 25 stack frames]]>
    </failure>
  </testcase> <!-- testLoginPage -->
  <testcase name="Verify_clickMyprojectIcon" time="0.004" classname="com.jci.Imap.Framework.TestCases.CompressorPageTest">
    <failure type="java.lang.NullPointerException">
      <![CDATA[java.lang.NullPointerException
at org.openqa.selenium.support.pagefactory.DefaultElementLocator.findElement(DefaultElementLocator.java:69)
at org.openqa.selenium.support.pagefactory.internal.LocatingElementHandler.invoke(LocatingElementHandler.java:38)
at com.sun.proxy.$Proxy22.click(Unknown Source)
at com.jci.ImapFramework.PageObject.CompressorPage.clickMyproject_icon(CompressorPage.java:41)
at com.jci.Imap.Framework.TestCases.CompressorPageTest.Verify_clickMyprojectIcon(CompressorPageTest.java:32)
... Removed 25 stack frames]]>
    </failure>
  </testcase> <!-- Verify_clickMyprojectIcon -->
  <testcase name="Verify_searchProjectname" time="0.003" classname="com.jci.Imap.Framework.TestCases.CompressorPageTest">
    <failure type="java.lang.NullPointerException">
      <![CDATA[java.lang.NullPointerException
at org.openqa.selenium.support.pagefactory.DefaultElementLocator.findElement(DefaultElementLocator.java:69)
at org.openqa.selenium.support.pagefactory.internal.LocatingElementHandler.invoke(LocatingElementHandler.java:38)
at com.sun.proxy.$Proxy22.getAttribute(Unknown Source)
at com.jci.ImapFramework.PageObject.CompressorPage.searchProjectname(CompressorPage.java:54)
at com.jci.Imap.Framework.TestCases.CompressorPageTest.Verify_searchProjectname(CompressorPageTest.java:40)
... Removed 25 stack frames]]>
    </failure>
  </testcase> <!-- Verify_searchProjectname -->
  <testcase name="@BeforeTest beforeTest" time="0.0" classname="com.jci.ImapFramework.TestBase.TestBase">
    <ignored/>
  </testcase> <!-- @BeforeTest beforeTest -->
  <testcase name="@BeforeSuite beforeSuite" time="0.0" classname="com.jci.ImapFramework.TestBase.TestBase">
    <ignored/>
  </testcase> <!-- @BeforeSuite beforeSuite -->
  <testcase name="@AfterTest afterTest" time="0.0" classname="com.jci.ImapFramework.TestBase.TestBase">
    <ignored/>
  </testcase> <!-- @AfterTest afterTest -->
</testsuite> <!-- Test -->
