<?xml version="1.0" encoding="UTF-8"?>
<!-- Generated by org.testng.reporters.JUnitXMLReporter -->
<testsuite hostname="M3106868" ignored="0" name="SecondTest" tests="3" failures="0" timestamp="05 Oct 2019 18:48:09 GMT" time="0.026" errors="0">
  <testcase name="testloginB" time="0.005" classname="com.jci.ImapFramework.helper.assertions.B">
    <skipped/>
  </testcase> <!-- testloginB -->
  <testcase name="testloginB" time="0.007" classname="com.jci.ImapFramework.helper.assertions.B">
    <skipped/>
  </testcase> <!-- testloginB -->
  <testcase name="testloginB" time="0.001" classname="com.jci.ImapFramework.helper.assertions.B"/>
</testsuite> <!-- SecondTest -->
