<?xml version="1.0" encoding="UTF-8"?>
<!-- Generated by org.testng.reporters.JUnitXMLReporter -->
<testsuite hostname="M3106868" ignored="0" name="ThirdTest" tests="3" failures="0" timestamp="05 Oct 2019 18:48:09 GMT" time="0.012" errors="0">
  <testcase name="testloginC" time="0.002" classname="com.jci.ImapFramework.helper.assertions.C">
    <skipped/>
  </testcase> <!-- testloginC -->
  <testcase name="testloginC" time="0.002" classname="com.jci.ImapFramework.helper.assertions.C">
    <skipped/>
  </testcase> <!-- testloginC -->
  <testcase name="testloginC" time="0.002" classname="com.jci.ImapFramework.helper.assertions.C"/>
</testsuite> <!-- ThirdTest -->
